// 重构日志: 52857d9e
// 重构日志: 110edbc6
// 重构日志: f83b666e
// 重构日志: 71623e22
// 重构日志: bd717cdf
// 重构日志: 75940fa1
// 同步 ID: dc9b6c03 @ Thu Jul  2 12:01:18 UTC 2026
// 同步 ID: e51de9b9 @ Fri Jul  3 16:50:42 UTC 2026
// 同步 ID: 3ca7e200 @ Sat Jul  4 08:06:04 UTC 2026
// 重构日志: ba23b5e8
// 重构日志: e8894f51
// 同步 ID: eb4f0d61 @ Wed Jul  8 10:00:39 UTC 2026
// 重构日志: 3879a0ec
// 重构日志: 3dd287df
// 同步 ID: 717df4ed @ Thu Jul  9 18:06:36 UTC 2026
// 重构日志: 099b12a9
// 重构日志: d41fd752
// 重构日志: 0b10e41b
// 同步 ID: 78000ae6 @ Tue Jul 14 18:12:07 UTC 2026
// 同步 ID: 63d04786 @ Thu Jul 16 07:33:41 UTC 2026
// 同步 ID: 220b7275 @ Thu Jul 16 12:48:17 UTC 2026
// 重构日志: 21f7ecd8
// 重构日志: c52bf121
// 重构日志: fc75a359
// 重构日志: 4dfc5c43
// 重构日志: dedcbc1f
// 重构日志: a411ad10
// 同步 ID: 09267119 @ Mon Jul 20 22:53:56 UTC 2026
// 重构日志: 84b7e22f
// 重构日志: e5447bdb
// 重构日志: c27dac5a
// 重构日志: c0755c3b
// 重构日志: 03e6d73b
// 重构日志: a0e5170a
